<?xml version="1.0" encoding="UTF-8"?>
<!-- Generated by org.testng.reporters.JUnitReportReporter -->
<testsuite hostname="SSTGT097" name="demoQA_Testcases.test_HomePage" tests="5" failures="0" timestamp="28 Dec 2024 13:26:59 GMT" time="13.155" errors="0">
  <testcase name="CardTitleValidation" time="1.159" classname="demoQA_Testcases.test_HomePage"/>
  <testcase name="TitleValidation" time="6.055" classname="demoQA_Testcases.test_HomePage"/>
  <testcase name="HomePageComponentValidation" time="0.487" classname="demoQA_Testcases.test_HomePage"/>
  <testcase name="CardValidation" time="0.830" classname="demoQA_Testcases.test_HomePage"/>
  <testcase name="TrainingPageNavigation" time="4.624" classname="demoQA_Testcases.test_HomePage"/>
</testsuite> <!-- demoQA_Testcases.test_HomePage -->
