<?xml version="1.0" encoding="UTF-8"?>
<!-- Generated by org.testng.reporters.JUnitReportReporter -->
<testsuite hostname="shap-dev-rdsh2" failures="0" tests="5" name="demoQA_Testcases.test_ElementsFunction" time="4.440" errors="0" timestamp="2025-02-02T10:45:27 EST" skipped="0">
  <testcase classname="demoQA_Testcases.test_ElementsFunction" name="ValidatationForNavigationToElements" time="2.413"/>
  <testcase classname="demoQA_Testcases.test_ElementsFunction" name="ValidationForElementComponentOptions" time="0.273"/>
  <testcase classname="demoQA_Testcases.test_ElementsFunction" name="ValidationForTextBoxComponents" time="0.465"/>
  <testcase classname="demoQA_Testcases.test_ElementsFunction" name="ValidationForTextBoxFunctionality" time="0.348"/>
  <testcase classname="demoQA_Testcases.test_ElementsFunction" name="ValidationForCheckBoxComponents" time="0.941"/>
</testsuite> <!-- demoQA_Testcases.test_ElementsFunction -->
