<?xml version="1.0" encoding="UTF-8"?>
<!-- Generated by org.testng.reporters.JUnitReportReporter -->
<testsuite hostname="shap-dev-rdsh2" failures="0" tests="8" name="demoQA_Testcases.test_ElementsFunction" time="26.806" errors="0" timestamp="2025-03-10T06:49:07 EDT" skipped="0">
  <testcase classname="demoQA_Testcases.test_ElementsFunction" name="ValidatationForNavigationToElements" time="2.574"/>
  <testcase classname="demoQA_Testcases.test_ElementsFunction" name="ValidationForElementComponentOptions" time="0.284"/>
  <testcase classname="demoQA_Testcases.test_ElementsFunction" name="ValidationForTextBoxComponents" time="0.529"/>
  <testcase classname="demoQA_Testcases.test_ElementsFunction" name="ValidationForTextBoxFunctionality" time="0.407"/>
  <testcase classname="demoQA_Testcases.test_ElementsFunction" name="ValidationForCheckBoxComponents" time="1.827"/>
  <testcase classname="demoQA_Testcases.test_ElementsFunction" name="ValidationForRadioButton" time="0.673"/>
  <testcase classname="demoQA_Testcases.test_ElementsFunction" name="ValidationForWebTable" time="11.332"/>
  <testcase classname="demoQA_Testcases.test_ElementsFunction" name="ValidationForButtons" time="9.180"/>
</testsuite> <!-- demoQA_Testcases.test_ElementsFunction -->
