<?xml version="1.0" encoding="UTF-8"?>
<!-- Generated by org.testng.reporters.JUnitReportReporter -->
<testsuite hostname="shap-dev-rdsh2" failures="0" tests="6" name="demoQA_Testcases.test_ElementsFunction" time="5.932" errors="0" timestamp="2025-02-04T01:37:04 EST" skipped="0">
  <testcase classname="demoQA_Testcases.test_ElementsFunction" name="ValidatationForNavigationToElements" time="2.408"/>
  <testcase classname="demoQA_Testcases.test_ElementsFunction" name="ValidationForElementComponentOptions" time="0.259"/>
  <testcase classname="demoQA_Testcases.test_ElementsFunction" name="ValidationForTextBoxComponents" time="0.475"/>
  <testcase classname="demoQA_Testcases.test_ElementsFunction" name="ValidationForTextBoxFunctionality" time="0.348"/>
  <testcase classname="demoQA_Testcases.test_ElementsFunction" name="ValidationForCheckBoxComponents" time="1.691"/>
  <testcase classname="demoQA_Testcases.test_ElementsFunction" name="ValidationForRadioButton" time="0.751"/>
</testsuite> <!-- demoQA_Testcases.test_ElementsFunction -->
